<?xml version="1.0" encoding="UTF-8"?>
<robot generator="Robot 6.0.2 (Python 3.11.2 on win32)" generated="20230222 16:15:05.936" rpa="false" schemaversion="3">
<suite id="s1" name="Chronos" source="C:\Projects\PERSONAL\RobotFramework Chronos\test\features\chronos.robot">
<test id="s1-t1" name="Cenario 01: Realizar Compra" line="10">
<kw name="Log To Console" library="BuiltIn" type="SETUP">
<arg>.</arg>
<doc>Logs the given message to the console.</doc>
<status status="PASS" starttime="20230222 16:15:06.121" endtime="20230222 16:15:06.122"/>
</kw>
<kw name="Adicionar item carrinho de compra" library="kws_home">
<kw name="Log To Console" library="BuiltIn">
<arg>Adicionar item carrinho de compra</arg>
<doc>Logs the given message to the console.</doc>
<status status="PASS" starttime="20230222 16:15:06.122" endtime="20230222 16:15:06.122"/>
</kw>
<kw name="Open Browser" library="SeleniumLibrary">
<arg>${url}</arg>
<arg>${navegador}</arg>
<doc>Opens a new browser instance to the optional ``url``.</doc>
<msg timestamp="20230222 16:15:06.123" level="INFO">Opening browser 'chrome' to base url 'https://www.demoblaze.com'.</msg>
<status status="PASS" starttime="20230222 16:15:06.122" endtime="20230222 16:15:08.746"/>
</kw>
<kw name="Maximize Browser Window" library="SeleniumLibrary">
<doc>Maximizes current browser window.</doc>
<status status="PASS" starttime="20230222 16:15:08.747" endtime="20230222 16:15:08.864"/>
</kw>
<kw name="Click Link" library="SeleniumLibrary">
<arg>Laptops</arg>
<doc>Clicks a link identified by ``locator``.</doc>
<msg timestamp="20230222 16:15:08.864" level="INFO">Clicking link 'Laptops'.</msg>
<status status="PASS" starttime="20230222 16:15:08.864" endtime="20230222 16:15:08.904"/>
</kw>
<kw name="Wait Until Element Is Visible" library="SeleniumLibrary">
<arg>link=MacBook Pro</arg>
<doc>Waits until the element ``locator`` is visible.</doc>
<status status="PASS" starttime="20230222 16:15:08.905" endtime="20230222 16:15:10.003"/>
</kw>
<kw name="Click Link" library="SeleniumLibrary">
<arg>MacBook Pro</arg>
<doc>Clicks a link identified by ``locator``.</doc>
<msg timestamp="20230222 16:15:10.004" level="INFO">Clicking link 'MacBook Pro'.</msg>
<status status="PASS" starttime="20230222 16:15:10.003" endtime="20230222 16:15:10.765"/>
</kw>
<kw name="Wait Until Element Is Visible" library="SeleniumLibrary">
<arg>xpath=//div[2]//a</arg>
<doc>Waits until the element ``locator`` is visible.</doc>
<status status="PASS" starttime="20230222 16:15:10.766" endtime="20230222 16:15:11.223"/>
</kw>
<kw name="Click Element" library="SeleniumLibrary">
<arg>xpath=//div[2]//a</arg>
<doc>Click the element identified by ``locator``.</doc>
<msg timestamp="20230222 16:15:11.223" level="INFO">Clicking element 'xpath=//div[2]//a'.</msg>
<status status="PASS" starttime="20230222 16:15:11.223" endtime="20230222 16:15:11.262"/>
</kw>
<kw name="Alert Should Be Present" library="SeleniumLibrary">
<doc>Verifies that an alert is present and by default, accepts it.</doc>
<msg timestamp="20230222 16:15:11.262" level="INFO">HANDLE::&lt;class 'NoneType'&gt;::None</msg>
<status status="PASS" starttime="20230222 16:15:11.262" endtime="20230222 16:15:11.770"/>
</kw>
<kw name="Log To Console" library="BuiltIn">
<arg>Item adicionado no carrinho</arg>
<doc>Logs the given message to the console.</doc>
<status status="PASS" starttime="20230222 16:15:11.770" endtime="20230222 16:15:11.771"/>
</kw>
<status status="PASS" starttime="20230222 16:15:06.122" endtime="20230222 16:15:11.771"/>
</kw>
<kw name="Finalizar compra" library="kws_home">
<kw name="Log To Console" library="BuiltIn">
<arg>Adicionar item carrinho de compra</arg>
<doc>Logs the given message to the console.</doc>
<status status="PASS" starttime="20230222 16:15:11.771" endtime="20230222 16:15:11.772"/>
</kw>
<kw name="Click Link" library="SeleniumLibrary">
<arg>Cart</arg>
<doc>Clicks a link identified by ``locator``.</doc>
<msg timestamp="20230222 16:15:11.772" level="INFO">Clicking link 'Cart'.</msg>
<status status="PASS" starttime="20230222 16:15:11.772" endtime="20230222 16:15:12.330"/>
</kw>
<kw name="Click Button" library="SeleniumLibrary">
<arg>css=.btn-success</arg>
<doc>Clicks the button identified by ``locator``.</doc>
<msg timestamp="20230222 16:15:12.330" level="INFO">Clicking button 'css=.btn-success'.</msg>
<status status="PASS" starttime="20230222 16:15:12.330" endtime="20230222 16:15:12.395"/>
</kw>
<kw name="Wait Until Element Is Visible" library="SeleniumLibrary">
<arg>id=name</arg>
<doc>Waits until the element ``locator`` is visible.</doc>
<status status="PASS" starttime="20230222 16:15:12.395" endtime="20230222 16:15:12.629"/>
</kw>
<kw name="Input Text" library="SeleniumLibrary">
<arg>id=name</arg>
<arg>${name}</arg>
<doc>Types the given ``text`` into the text field identified by ``locator``.</doc>
<msg timestamp="20230222 16:15:12.629" level="INFO">Typing text 'Marcela' into text field 'id=name'.</msg>
<status status="PASS" starttime="20230222 16:15:12.629" endtime="20230222 16:15:12.704"/>
</kw>
<kw name="Log To Console" library="BuiltIn">
<arg>${name}</arg>
<doc>Logs the given message to the console.</doc>
<status status="PASS" starttime="20230222 16:15:12.704" endtime="20230222 16:15:12.704"/>
</kw>
<kw name="Input Text" library="SeleniumLibrary">
<arg>id=country</arg>
<arg>${country}</arg>
<doc>Types the given ``text`` into the text field identified by ``locator``.</doc>
<msg timestamp="20230222 16:15:12.705" level="INFO">Typing text 'Brasil' into text field 'id=country'.</msg>
<status status="PASS" starttime="20230222 16:15:12.705" endtime="20230222 16:15:12.782"/>
</kw>
<kw name="Log To Console" library="BuiltIn">
<arg>${country}</arg>
<doc>Logs the given message to the console.</doc>
<status status="PASS" starttime="20230222 16:15:12.782" endtime="20230222 16:15:12.783"/>
</kw>
<kw name="Input Text" library="SeleniumLibrary">
<arg>id=city</arg>
<arg>${city}</arg>
<doc>Types the given ``text`` into the text field identified by ``locator``.</doc>
<msg timestamp="20230222 16:15:12.783" level="INFO">Typing text 'São Paulo' into text field 'id=city'.</msg>
<status status="PASS" starttime="20230222 16:15:12.783" endtime="20230222 16:15:12.874"/>
</kw>
<kw name="Log To Console" library="BuiltIn">
<arg>${city}</arg>
<doc>Logs the given message to the console.</doc>
<status status="PASS" starttime="20230222 16:15:12.874" endtime="20230222 16:15:12.875"/>
</kw>
<kw name="Input Text" library="SeleniumLibrary">
<arg>id=card</arg>
<arg>${card}</arg>
<doc>Types the given ``text`` into the text field identified by ``locator``.</doc>
<msg timestamp="20230222 16:15:12.875" level="INFO">Typing text '12345678910' into text field 'id=card'.</msg>
<status status="PASS" starttime="20230222 16:15:12.875" endtime="20230222 16:15:12.955"/>
</kw>
<kw name="Log To Console" library="BuiltIn">
<arg>${card}</arg>
<doc>Logs the given message to the console.</doc>
<status status="PASS" starttime="20230222 16:15:12.955" endtime="20230222 16:15:12.956"/>
</kw>
<kw name="Input Text" library="SeleniumLibrary">
<arg>id=month</arg>
<arg>${month}</arg>
<doc>Types the given ``text`` into the text field identified by ``locator``.</doc>
<msg timestamp="20230222 16:15:12.956" level="INFO">Typing text '07' into text field 'id=month'.</msg>
<status status="PASS" starttime="20230222 16:15:12.956" endtime="20230222 16:15:13.035"/>
</kw>
<kw name="Log To Console" library="BuiltIn">
<arg>${month}</arg>
<doc>Logs the given message to the console.</doc>
<status status="PASS" starttime="20230222 16:15:13.035" endtime="20230222 16:15:13.036"/>
</kw>
<kw name="Input Text" library="SeleniumLibrary">
<arg>id=year</arg>
<arg>${year}</arg>
<doc>Types the given ``text`` into the text field identified by ``locator``.</doc>
<msg timestamp="20230222 16:15:13.036" level="INFO">Typing text '2031' into text field 'id=year'.</msg>
<status status="PASS" starttime="20230222 16:15:13.036" endtime="20230222 16:15:13.107"/>
</kw>
<kw name="Log To Console" library="BuiltIn">
<arg>${year}</arg>
<doc>Logs the given message to the console.</doc>
<status status="PASS" starttime="20230222 16:15:13.107" endtime="20230222 16:15:13.109"/>
</kw>
<kw name="Click Button" library="SeleniumLibrary">
<arg>xpath=//button[text()='Purchase']</arg>
<doc>Clicks the button identified by ``locator``.</doc>
<msg timestamp="20230222 16:15:13.110" level="INFO">Clicking button 'xpath=//button[text()='Purchase']'.</msg>
<status status="PASS" starttime="20230222 16:15:13.110" endtime="20230222 16:15:13.178"/>
</kw>
<kw name="Log To Console" library="BuiltIn">
<arg>Compra finalizada</arg>
<doc>Logs the given message to the console.</doc>
<status status="PASS" starttime="20230222 16:15:13.178" endtime="20230222 16:15:13.180"/>
</kw>
<status status="PASS" starttime="20230222 16:15:11.771" endtime="20230222 16:15:13.180"/>
</kw>
<kw name="Confirmar compra" library="kws_home">
<kw name="Log To Console" library="BuiltIn">
<arg>Confirmar compra</arg>
<doc>Logs the given message to the console.</doc>
<status status="PASS" starttime="20230222 16:15:13.180" endtime="20230222 16:15:13.180"/>
</kw>
<kw name="Element Text Should Be" library="SeleniumLibrary">
<arg>css=.sweet-alert &gt; h2</arg>
<arg>Thank you for your purchase!</arg>
<doc>Verifies that element ``locator`` contains exact the text ``expected``.</doc>
<msg timestamp="20230222 16:15:13.181" level="INFO">Verifying element 'css=.sweet-alert &gt; h2' contains exact text 'Thank you for your purchase!'.</msg>
<status status="PASS" starttime="20230222 16:15:13.181" endtime="20230222 16:15:13.207"/>
</kw>
<kw name="Click Button" library="SeleniumLibrary">
<arg>css=.confirm</arg>
<doc>Clicks the button identified by ``locator``.</doc>
<msg timestamp="20230222 16:15:13.208" level="INFO">Clicking button 'css=.confirm'.</msg>
<status status="PASS" starttime="20230222 16:15:13.207" endtime="20230222 16:15:13.270"/>
</kw>
<kw name="Sleep" library="BuiltIn">
<arg>5 seconds</arg>
<doc>Pauses the test executed for the given time.</doc>
<msg timestamp="20230222 16:15:18.270" level="INFO">Slept 5 seconds</msg>
<status status="PASS" starttime="20230222 16:15:13.270" endtime="20230222 16:15:18.270"/>
</kw>
<kw name="Log To Console" library="BuiltIn">
<arg>Compra confirmada</arg>
<doc>Logs the given message to the console.</doc>
<status status="PASS" starttime="20230222 16:15:18.270" endtime="20230222 16:15:18.271"/>
</kw>
<status status="PASS" starttime="20230222 16:15:13.180" endtime="20230222 16:15:18.271"/>
</kw>
<kw name="Log To Console" library="BuiltIn" type="TEARDOWN">
<arg>-----------------------------------------------------------------------------</arg>
<doc>Logs the given message to the console.</doc>
<status status="PASS" starttime="20230222 16:15:18.272" endtime="20230222 16:15:18.273"/>
</kw>
<status status="PASS" starttime="20230222 16:15:06.121" endtime="20230222 16:15:18.274"/>
</test>
<doc>Demonstração de tipos de variáveis</doc>
<status status="PASS" starttime="20230222 16:15:05.938" endtime="20230222 16:15:18.277"/>
</suite>
<statistics>
<total>
<stat pass="1" fail="0" skip="0">All Tests</stat>
</total>
<tag>
</tag>
<suite>
<stat pass="1" fail="0" skip="0" id="s1" name="Chronos">Chronos</stat>
</suite>
</statistics>
<errors>
</errors>
</robot>
